[debug] [2021-04-20T13:13:01.854Z] ----------------------------------------------------------------------
[debug] [2021-04-20T13:13:01.863Z] Command:       C:\Program Files\nodejs\node.exe C:\Users\AnhLien\AppData\Roaming\npm\node_modules\firebase-tools\lib\bin\firebase.js init
[debug] [2021-04-20T13:13:01.864Z] CLI Version:   9.10.0
[debug] [2021-04-20T13:13:01.864Z] Platform:      win32
[debug] [2021-04-20T13:13:01.864Z] Node Version:  v14.15.3
[debug] [2021-04-20T13:13:01.869Z] Time:          Tue Apr 20 2021 20:13:01 GMT+0700 (Indochina Time)
[debug] [2021-04-20T13:13:01.870Z] ----------------------------------------------------------------------
[debug] 
[debug] [2021-04-20T13:13:01.881Z] >>> [apiv2][query] GET https://firebase-public.firebaseio.com/cli.json [none]
[debug] [2021-04-20T13:13:01.950Z] > command requires scopes: ["email","openid","https://www.googleapis.com/auth/cloudplatformprojects.readonly","https://www.googleapis.com/auth/firebase","https://www.googleapis.com/auth/cloud-platform"]
[debug] [2021-04-20T13:13:01.951Z] > authorizing via signed-in user (lienho0304@gmail.com)
[info] 
     ######## #### ########  ######## ########     ###     ######  ########
     ##        ##  ##     ## ##       ##     ##  ##   ##  ##       ##
     ######    ##  ########  ######   ########  #########  ######  ######
     ##        ##  ##    ##  ##       ##     ## ##     ##       ## ##
     ##       #### ##     ## ######## ########  ##     ##  ######  ########

You're about to initialize a Firebase project in this directory:

  D:\Disney-Anhlien\disney-anhlien

[debug] [2021-04-20T13:13:02.782Z] <<< [apiv2][status] GET https://firebase-public.firebaseio.com/cli.json 200
[debug] [2021-04-20T13:13:02.784Z] <<< [apiv2][body] GET https://firebase-public.firebaseio.com/cli.json {"cloudBuildErrorAfter":1594252800000,"cloudBuildWarnAfter":1590019200000,"defaultNode10After":1594252800000,"minVersion":"3.0.5","node8DeploysDisabledAfter":1613390400000,"node8RuntimeDisabledAfter":1615809600000,"node8WarnAfter":1600128000000}
